<?xml version="1.0" encoding="UTF-8"?>
<!-- Generated by org.testng.reporters.JUnitReportReporter -->
<testsuite hostname="LAPTOP-DK6TK74Q" failures="0" tests="1" name="com.JDBC.ExecuteUpdateTest" time="0.841" errors="0" timestamp="2022-03-24T11:06:42 IST" skipped="0">
  <testcase classname="com.JDBC.ExecuteUpdateTest" name="executeUpdateTest" time="0.841"/>
  <system-out/>
</testsuite> <!-- com.JDBC.ExecuteUpdateTest -->
