<?xml version="1.0" encoding="UTF-8"?>
<!-- Generated by org.testng.reporters.JUnitReportReporter -->
<testsuite hostname="LAPTOP-DK6TK74Q" failures="0" tests="1" name="com.DDT.ReadingDataFromJSONTest" time="0.030" errors="0" timestamp="2022-03-22T12:04:19 IST" skipped="0">
  <testcase classname="com.DDT.ReadingDataFromJSONTest" name="readingDataFromJSONTest" time="0.030"/>
  <system-out/>
</testsuite> <!-- com.DDT.ReadingDataFromJSONTest -->
