<?xml version="1.0" encoding="UTF-8"?>
<!-- Generated by org.testng.reporters.JUnitReportReporter -->
<testsuite hostname="LAPTOP-DK6TK74Q" failures="0" tests="1" name="com.DDT.ReadingDataFromPropertyFileTest" time="0.017" errors="0" timestamp="2022-03-21T12:57:10 IST" skipped="0">
  <testcase classname="com.DDT.ReadingDataFromPropertyFileTest" name="readingDataFromPropertyFileTest" time="0.017"/>
  <system-out/>
</testsuite> <!-- com.DDT.ReadingDataFromPropertyFileTest -->
