<?xml version="1.0" encoding="UTF-8"?>
<!-- Generated by org.testng.reporters.JUnitReportReporter -->
<testsuite hostname="LAPTOP-DK6TK74Q" failures="0" tests="1" name="com.DDT.ReadingDataFromXMLTest" time="0.019" errors="0" timestamp="2022-03-22T11:19:51 IST" skipped="0">
  <testcase classname="com.DDT.ReadingDataFromXMLTest" name="readingDataFromXMLTest" time="0.019"/>
  <system-out/>
</testsuite> <!-- com.DDT.ReadingDataFromXMLTest -->
